# JRE version: OpenJDK Runtime Environment (17.0.7) (build 17.0.7+0-b2043.56-10550314)
# Java VM: OpenJDK 64-Bit Server VM (17.0.7+0-b2043.56-10550314, mixed mode, tiered, compressed oops, compressed class ptrs, g1 gc, windows-amd64)
GC Precious Log:
 CPUs: 8 total, 8 available
 Memory: 8039M
 Large Page Support: Disabled
 NUMA Support: Disabled
 Compressed Oops: Enabled (32-bit)
 Heap Region Size: 1M
 Heap Min Capacity: 8M
 Heap Initial Capacity: 126M
 Heap Max Capacity: 2G
 Pre-touch: Disabled
 Parallel Workers: 8
 Concurrent Workers: 2
 Concurrent Refinement Workers: 8
 Periodic GC: Disabled
Heap:
 garbage-first heap   total 359424K, used 124139K [0x0000000080000000, 0x0000000100000000)
  region size 1024K, 8 young (8192K), 8 survivors (8192K)
 Metaspace       used 143786K, committed 145088K, reserved 1179648K
  class space    used 19687K, committed 20288K, reserved 1048576K
GC Heap History (20 events):
Event: 1517.683 GC heap after
{Heap after GC invocations=76 (full 0):
 garbage-first heap   total 299008K, used 126581K [0x0000000080000000, 0x0000000100000000)
  region size 1024K, 1 young (1024K), 1 survivors (1024K)
 Metaspace       used 141745K, committed 142784K, reserved 1179648K
  class space    used 19523K, committed 20032K, reserved 1048576K
}
Event: 2717.817 GC heap before
{Heap before GC invocations=76 (full 0):
 garbage-first heap   total 299008K, used 255605K [0x0000000080000000, 0x0000000100000000)
  region size 1024K, 114 young (116736K), 1 survivors (1024K)
 Metaspace       used 142074K, committed 143104K, reserved 1179648K
  class space    used 19527K, committed 20032K, reserved 1048576K
}
Event: 2717.924 GC heap after
{Heap after GC invocations=77 (full 0):
 garbage-first heap   total 359424K, used 127029K [0x0000000080000000, 0x0000000100000000)
  region size 1024K, 2 young (2048K), 2 survivors (2048K)
 Metaspace       used 142074K, committed 143104K, reserved 1179648K
  class space    used 19527K, committed 20032K, reserved 1048576K
}
Event: 2719.862 GC heap before
{Heap before GC invocations=77 (full 0):
 garbage-first heap   total 359424K, used 171061K [0x0000000080000000, 0x0000000100000000)
  region size 1024K, 47 young (48128K), 2 survivors (2048K)
 Metaspace       used 142446K, committed 143552K, reserved 1179648K
  class space    used 19589K, committed 20160K, reserved 1048576K
}
Event: 2719.886 GC heap after
{Heap after GC invocations=78 (full 0):
 garbage-first heap   total 359424K, used 132290K [0x0000000080000000, 0x0000000100000000)
  region size 1024K, 7 young (7168K), 7 survivors (7168K)
 Metaspace       used 142446K, committed 143552K, reserved 1179648K
  class space    used 19589K, committed 20160K, reserved 1048576K
}
Event: 2720.159 GC heap before
{Heap before GC invocations=78 (full 0):
 garbage-first heap   total 359424K, used 169154K [0x0000000080000000, 0x0000000100000000)
  region size 1024K, 42 young (43008K), 7 survivors (7168K)
 Metaspace       used 142475K, committed 143680K, reserved 1179648K
  class space    used 19591K, committed 20160K, reserved 1048576K
}
Event: 2720.193 GC heap after
{Heap after GC invocations=79 (full 0):
 garbage-first heap   total 359424K, used 148971K [0x0000000080000000, 0x0000000100000000)
  region size 1024K, 6 young (6144K), 6 survivors (6144K)
 Metaspace       used 142475K, committed 143680K, reserved 1179648K
  class space    used 19591K, committed 20160K, reserved 1048576K
}
Event: 2720.832 GC heap before
{Heap before GC invocations=80 (full 0):
 garbage-first heap   total 359424K, used 163307K [0x0000000080000000, 0x0000000100000000)
  region size 1024K, 24 young (24576K), 6 survivors (6144K)
 Metaspace       used 142388K, committed 143680K, reserved 1179648K
  class space    used 19566K, committed 20160K, reserved 1048576K
}
Event: 2720.852 GC heap after
{Heap after GC invocations=81 (full 0):
 garbage-first heap   total 359424K, used 150377K [0x0000000080000000, 0x0000000100000000)
  region size 1024K, 3 young (3072K), 3 survivors (3072K)
 Metaspace       used 142388K, committed 143680K, reserved 1179648K
  class space    used 19566K, committed 20160K, reserved 1048576K
}
Event: 2721.165 GC heap before
{Heap before GC invocations=81 (full 0):
 garbage-first heap   total 359424K, used 181097K [0x0000000080000000, 0x0000000100000000)
  region size 1024K, 17 young (17408K), 3 survivors (3072K)
 Metaspace       used 142508K, committed 143680K, reserved 1179648K
  class space    used 19591K, committed 20160K, reserved 1048576K
}
Event: 2721.210 GC heap after
{Heap after GC invocations=82 (full 0):
 garbage-first heap   total 359424K, used 139523K [0x0000000080000000, 0x0000000100000000)
  region size 1024K, 3 young (3072K), 3 survivors (3072K)
 Metaspace       used 142508K, committed 143680K, reserved 1179648K
  class space    used 19591K, committed 20160K, reserved 1048576K
}
Event: 2722.808 GC heap before
{Heap before GC invocations=82 (full 0):
 garbage-first heap   total 359424K, used 171267K [0x0000000080000000, 0x0000000100000000)
  region size 1024K, 35 young (35840K), 3 survivors (3072K)
 Metaspace       used 142791K, committed 144064K, reserved 1179648K
  class space    used 19641K, committed 20224K, reserved 1048576K
}
Event: 2722.816 GC heap after
{Heap after GC invocations=83 (full 0):
 garbage-first heap   total 359424K, used 144609K [0x0000000080000000, 0x0000000100000000)
  region size 1024K, 5 young (5120K), 5 survivors (5120K)
 Metaspace       used 142791K, committed 144064K, reserved 1179648K
  class space    used 19641K, committed 20224K, reserved 1048576K
}
Event: 2723.165 GC heap before
{Heap before GC invocations=83 (full 0):
 garbage-first heap   total 359424K, used 189665K [0x0000000080000000, 0x0000000100000000)
  region size 1024K, 51 young (52224K), 5 survivors (5120K)
 Metaspace       used 142942K, committed 144192K, reserved 1179648K
  class space    used 19653K, committed 20224K, reserved 1048576K
}
Event: 2723.170 GC heap after
{Heap after GC invocations=84 (full 0):
 garbage-first heap   total 359424K, used 147055K [0x0000000080000000, 0x0000000100000000)
  region size 1024K, 7 young (7168K), 7 survivors (7168K)
 Metaspace       used 142942K, committed 144192K, reserved 1179648K
  class space    used 19653K, committed 20224K, reserved 1048576K
}
Event: 2723.758 GC heap before
{Heap before GC invocations=85 (full 0):
 garbage-first heap   total 359424K, used 223855K [0x0000000080000000, 0x0000000100000000)
  region size 1024K, 91 young (93184K), 7 survivors (7168K)
 Metaspace       used 143170K, committed 144448K, reserved 1179648K
  class space    used 19663K, committed 20224K, reserved 1048576K
}
Event: 2723.798 GC heap after
{Heap after GC invocations=86 (full 0):
 garbage-first heap   total 359424K, used 142527K [0x0000000080000000, 0x0000000100000000)
  region size 1024K, 10 young (10240K), 10 survivors (10240K)
 Metaspace       used 143170K, committed 144448K, reserved 1179648K
  class space    used 19663K, committed 20224K, reserved 1048576K
}
Event: 2723.811 GC heap before
{Heap before GC invocations=86 (full 0):
 garbage-first heap   total 359424K, used 148671K [0x0000000080000000, 0x0000000100000000)
  region size 1024K, 17 young (17408K), 10 survivors (10240K)
 Metaspace       used 143170K, committed 144448K, reserved 1179648K
  class space    used 19663K, committed 20224K, reserved 1048576K
}
Event: 2723.852 GC heap after
{Heap after GC invocations=87 (full 0):
 garbage-first heap   total 359424K, used 118828K [0x0000000080000000, 0x0000000100000000)
  region size 1024K, 3 young (3072K), 3 survivors (3072K)
 Metaspace       used 143170K, committed 144448K, reserved 1179648K
  class space    used 19663K, committed 20224K, reserved 1048576K
}
Event: 2806.414 GC heap before
{Heap before GC invocations=87 (full 0):
 garbage-first heap   total 359424K, used 287788K [0x0000000080000000, 0x0000000100000000)
  region size 1024K, 153 young (156672K), 3 survivors (3072K)
 Metaspace       used 143786K, committed 145088K, reserved 1179648K
  class space    used 19687K, committed 20288K, reserved 1048576K
}

