# JRE version: OpenJDK Runtime Environment (17.0.7) (build 17.0.7+0-b2043.56-10550314)
# Java VM: OpenJDK 64-Bit Server VM (17.0.7+0-b2043.56-10550314, mixed mode, tiered, compressed oops, compressed class ptrs, g1 gc, windows-amd64)
GC Precious Log:
 CPUs: 8 total, 8 available
 Memory: 8039M
 Large Page Support: Disabled
 NUMA Support: Disabled
 Compressed Oops: Enabled (32-bit)
 Heap Region Size: 1M
 Heap Min Capacity: 8M
 Heap Initial Capacity: 126M
 Heap Max Capacity: 2G
 Pre-touch: Disabled
 Parallel Workers: 8
 Concurrent Workers: 2
 Concurrent Refinement Workers: 8
 Periodic GC: Disabled
Heap:
 garbage-first heap   total 192512K, used 115443K [0x0000000080000000, 0x0000000100000000)
  region size 1024K, 2 young (2048K), 2 survivors (2048K)
 Metaspace       used 99058K, committed 99776K, reserved 1179648K
  class space    used 13467K, committed 13824K, reserved 1048576K
GC Heap History (20 events):
Event: 10.795 GC heap after
{Heap after GC invocations=44 (full 0):
 garbage-first heap   total 157696K, used 80156K [0x0000000080000000, 0x0000000100000000)
  region size 1024K, 8 young (8192K), 8 survivors (8192K)
 Metaspace       used 91920K, committed 92544K, reserved 1179648K
  class space    used 12783K, committed 13056K, reserved 1048576K
}
Event: 11.230 GC heap before
{Heap before GC invocations=44 (full 0):
 garbage-first heap   total 157696K, used 126236K [0x0000000080000000, 0x0000000100000000)
  region size 1024K, 54 young (55296K), 8 survivors (8192K)
 Metaspace       used 92402K, committed 93056K, reserved 1179648K
  class space    used 12821K, committed 13120K, reserved 1048576K
}
Event: 11.239 GC heap after
{Heap after GC invocations=45 (full 0):
 garbage-first heap   total 157696K, used 83832K [0x0000000080000000, 0x0000000100000000)
  region size 1024K, 4 young (4096K), 4 survivors (4096K)
 Metaspace       used 92402K, committed 93056K, reserved 1179648K
  class space    used 12821K, committed 13120K, reserved 1048576K
}
Event: 11.614 GC heap before
{Heap before GC invocations=46 (full 0):
 garbage-first heap   total 157696K, used 127864K [0x0000000080000000, 0x0000000100000000)
  region size 1024K, 48 young (49152K), 4 survivors (4096K)
 Metaspace       used 93074K, committed 93760K, reserved 1179648K
  class space    used 12874K, committed 13184K, reserved 1048576K
}
Event: 11.619 GC heap after
{Heap after GC invocations=47 (full 0):
 garbage-first heap   total 157696K, used 87324K [0x0000000080000000, 0x0000000100000000)
  region size 1024K, 4 young (4096K), 4 survivors (4096K)
 Metaspace       used 93074K, committed 93760K, reserved 1179648K
  class space    used 12874K, committed 13184K, reserved 1048576K
}
Event: 11.633 GC heap before
{Heap before GC invocations=47 (full 0):
 garbage-first heap   total 157696K, used 89372K [0x0000000080000000, 0x0000000100000000)
  region size 1024K, 7 young (7168K), 4 survivors (4096K)
 Metaspace       used 93090K, committed 93760K, reserved 1179648K
  class space    used 12874K, committed 13184K, reserved 1048576K
}
Event: 11.641 GC heap after
{Heap after GC invocations=48 (full 0):
 garbage-first heap   total 192512K, used 87542K [0x0000000080000000, 0x0000000100000000)
  region size 1024K, 1 young (1024K), 1 survivors (1024K)
 Metaspace       used 93090K, committed 93760K, reserved 1179648K
  class space    used 12874K, committed 13184K, reserved 1048576K
}
Event: 742.384 GC heap before
{Heap before GC invocations=48 (full 0):
 garbage-first heap   total 192512K, used 154102K [0x0000000080000000, 0x0000000100000000)
  region size 1024K, 67 young (68608K), 1 survivors (1024K)
 Metaspace       used 94451K, committed 95168K, reserved 1179648K
  class space    used 13024K, committed 13376K, reserved 1048576K
}
Event: 742.468 GC heap after
{Heap after GC invocations=49 (full 0):
 garbage-first heap   total 192512K, used 89497K [0x0000000080000000, 0x0000000100000000)
  region size 1024K, 3 young (3072K), 3 survivors (3072K)
 Metaspace       used 94451K, committed 95168K, reserved 1179648K
  class space    used 13024K, committed 13376K, reserved 1048576K
}
Event: 2303.452 GC heap before
{Heap before GC invocations=50 (full 0):
 garbage-first heap   total 192512K, used 157081K [0x0000000080000000, 0x0000000100000000)
  region size 1024K, 69 young (70656K), 3 survivors (3072K)
 Metaspace       used 94980K, committed 95744K, reserved 1179648K
  class space    used 13040K, committed 13440K, reserved 1048576K
}
Event: 2303.515 GC heap after
{Heap after GC invocations=51 (full 0):
 garbage-first heap   total 192512K, used 93648K [0x0000000080000000, 0x0000000100000000)
  region size 1024K, 7 young (7168K), 7 survivors (7168K)
 Metaspace       used 94980K, committed 95744K, reserved 1179648K
  class space    used 13040K, committed 13440K, reserved 1048576K
}
Event: 2303.567 GC heap before
{Heap before GC invocations=51 (full 0):
 garbage-first heap   total 192512K, used 95696K [0x0000000080000000, 0x0000000100000000)
  region size 1024K, 9 young (9216K), 7 survivors (7168K)
 Metaspace       used 95011K, committed 95744K, reserved 1179648K
  class space    used 13041K, committed 13440K, reserved 1048576K
}
Event: 2303.597 GC heap after
{Heap after GC invocations=52 (full 0):
 garbage-first heap   total 192512K, used 94179K [0x0000000080000000, 0x0000000100000000)
  region size 1024K, 2 young (2048K), 2 survivors (2048K)
 Metaspace       used 95011K, committed 95744K, reserved 1179648K
  class space    used 13041K, committed 13440K, reserved 1048576K
}
Event: 2304.201 GC heap before
{Heap before GC invocations=52 (full 0):
 garbage-first heap   total 192512K, used 110563K [0x0000000080000000, 0x0000000100000000)
  region size 1024K, 20 young (20480K), 2 survivors (2048K)
 Metaspace       used 95393K, committed 96128K, reserved 1179648K
  class space    used 13079K, committed 13440K, reserved 1048576K
}
Event: 2304.214 GC heap after
{Heap after GC invocations=53 (full 0):
 garbage-first heap   total 192512K, used 95923K [0x0000000080000000, 0x0000000100000000)
  region size 1024K, 4 young (4096K), 4 survivors (4096K)
 Metaspace       used 95393K, committed 96128K, reserved 1179648K
  class space    used 13079K, committed 13440K, reserved 1048576K
}
Event: 2305.151 GC heap before
{Heap before GC invocations=54 (full 0):
 garbage-first heap   total 192512K, used 158387K [0x0000000080000000, 0x0000000100000000)
  region size 1024K, 59 young (60416K), 4 survivors (4096K)
 Metaspace       used 99037K, committed 99776K, reserved 1179648K
  class space    used 13466K, committed 13824K, reserved 1048576K
}
Event: 2305.180 GC heap after
{Heap after GC invocations=55 (full 0):
 garbage-first heap   total 192512K, used 113085K [0x0000000080000000, 0x0000000100000000)
  region size 1024K, 8 young (8192K), 8 survivors (8192K)
 Metaspace       used 99037K, committed 99776K, reserved 1179648K
  class space    used 13466K, committed 13824K, reserved 1048576K
}
Event: 2305.187 GC heap before
{Heap before GC invocations=55 (full 0):
 garbage-first heap   total 192512K, used 114109K [0x0000000080000000, 0x0000000100000000)
  region size 1024K, 9 young (9216K), 8 survivors (8192K)
 Metaspace       used 99038K, committed 99776K, reserved 1179648K
  class space    used 13466K, committed 13824K, reserved 1048576K
}
Event: 2305.209 GC heap after
{Heap after GC invocations=56 (full 0):
 garbage-first heap   total 192512K, used 106650K [0x0000000080000000, 0x0000000100000000)
  region size 1024K, 2 young (2048K), 2 survivors (2048K)
 Metaspace       used 99038K, committed 99776K, reserved 1179648K
  class space    used 13466K, committed 13824K, reserved 1048576K
}
Event: 2305.278 GC heap before
{Heap before GC invocations=56 (full 0):
 garbage-first heap   total 192512K, used 120986K [0x0000000080000000, 0x0000000100000000)
  region size 1024K, 9 young (9216K), 2 survivors (2048K)
 Metaspace       used 99058K, committed 99776K, reserved 1179648K
  class space    used 13467K, committed 13824K, reserved 1048576K
}

